#
# A fatal error has been detected by the Java Runtime Environment:
#
#  Internal Error (javaClasses.cpp:127), pid=2796, tid=11920
#  fatal error: Invalid layout of preloaded class
#
# JRE version:  (8.0_40-b25) (build )
# Java VM: Java HotSpot(TM) 64-Bit Server VM (25.40-b25 mixed mode windows-amd64 compressed oops)
# Failed to write core dump. Minidumps are not enabled by default on client versions of Windows
#
# If you would like to submit a bug report, please visit:
#   http://bugreport.java.com/bugreport/crash.jsp
#

---------------  T H R E A D  ---------------

Current thread (0x0000000002eae000):  JavaThread "Unknown thread" [_thread_in_vm, id=11920, stack(0x0000000002cf0000,0x0000000002df0000)]

Stack: [0x0000000002cf0000,0x0000000002df0000]
Native frames: (J=compiled Java code, j=interpreted, Vv=VM code, C=native code)
V  [jvm.dll+0x32b47a]
V  [jvm.dll+0x2797f3]
V  [jvm.dll+0x27a489]
V  [jvm.dll+0x271726]
V  [jvm.dll+0x67fd3]
V  [jvm.dll+0x680c3]
V  [jvm.dll+0x7d63a]
V  [jvm.dll+0x7d9a6]
V  [jvm.dll+0xf2077]
V  [jvm.dll+0xf2406]
V  [jvm.dll+0x20f107]
V  [jvm.dll+0x240d9a]
V  [jvm.dll+0x15b941]
C  [javaw.exe+0x217e]
C  [javaw.exe+0xcd17]
C  [javaw.exe+0xcdab]
C  [KERNEL32.DLL+0x13d2]
C  [ntdll.dll+0x15444]


---------------  P R O C E S S  ---------------

Java Threads: ( => current thread )

Other Threads:

=>0x0000000002eae000 (exited) JavaThread "Unknown thread" [_thread_in_vm, id=11920, stack(0x0000000002cf0000,0x0000000002df0000)]

VM state:not at safepoint (not fully initialized)

VM Mutex/Monitor currently owned by a thread: None

GC Heap History (0 events):
No events

Deoptimization events (0 events):
No events

Internal exceptions (0 events):
No events

Events (10 events):
Event: 0.050 loading class java/lang/CharSequence done
Event: 0.050 loading class java/lang/String done
Event: 0.050 loading class java/lang/Class
Event: 0.050 loading class java/lang/reflect/AnnotatedElement
Event: 0.050 loading class java/lang/reflect/AnnotatedElement done
Event: 0.050 loading class java/lang/reflect/GenericDeclaration
Event: 0.050 loading class java/lang/reflect/GenericDeclaration done
Event: 0.050 loading class java/lang/reflect/Type
Event: 0.050 loading class java/lang/reflect/Type done
Event: 0.051 loading class java/lang/Class done


Dynamic libraries:
0x00007ff74c3a0000 - 0x00007ff74c3d7000 	C:\Program Files\Java\jdk1.8.0_40\bin\javaw.exe
0x00007ffd0fe10000 - 0x00007ffd0ffbc000 	C:\Windows\SYSTEM32\ntdll.dll
0x00007ffd0f140000 - 0x00007ffd0f27e000 	C:\Windows\system32\KERNEL32.DLL
0x00007ffd0d030000 - 0x00007ffd0d145000 	C:\Windows\system32\KERNELBASE.dll
0x00007ffd0b040000 - 0x00007ffd0b0ce000 	C:\Windows\system32\apphelp.dll
0x00007ffcf9b40000 - 0x00007ffcf9b93000 	C:\Windows\AppPatch\AppPatch64\AcGenral.DLL
0x00007ffd0d4a0000 - 0x00007ffd0d54a000 	C:\Windows\system32\msvcrt.dll
0x00007ffd0ce00000 - 0x00007ffd0ce2e000 	C:\Windows\SYSTEM32\SspiCli.dll
0x00007ffd0fcf0000 - 0x00007ffd0fd44000 	C:\Windows\system32\SHLWAPI.dll
0x00007ffd0fb70000 - 0x00007ffd0fce7000 	C:\Windows\system32\USER32.dll
0x00007ffd0d840000 - 0x00007ffd0d9d4000 	C:\Windows\system32\ole32.dll
0x00007ffd0d9e0000 - 0x00007ffd0eef8000 	C:\Windows\system32\SHELL32.dll
0x00007ffd0c120000 - 0x00007ffd0c141000 	C:\Windows\SYSTEM32\USERENV.dll
0x00007ffd0fa00000 - 0x00007ffd0faaa000 	C:\Windows\system32\ADVAPI32.dll
0x00007ffcff8a0000 - 0x00007ffcff8be000 	C:\Windows\SYSTEM32\MPR.dll
0x00007ffd0f690000 - 0x00007ffd0f7d1000 	C:\Windows\system32\RPCRT4.dll
0x00007ffd0ef00000 - 0x00007ffd0ef59000 	C:\Windows\SYSTEM32\sechost.dll
0x00007ffd0f7e0000 - 0x00007ffd0f9f1000 	C:\Windows\SYSTEM32\combase.dll
0x00007ffd0efe0000 - 0x00007ffd0f131000 	C:\Windows\system32\GDI32.dll
0x00007ffd0cf60000 - 0x00007ffd0cf75000 	C:\Windows\SYSTEM32\profapi.dll
0x00007ffd0c630000 - 0x00007ffd0c6e2000 	C:\Windows\SYSTEM32\SHCORE.dll
0x00007ffd0f650000 - 0x00007ffd0f686000 	C:\Windows\system32\IMM32.DLL
0x00007ffd0f310000 - 0x00007ffd0f462000 	C:\Windows\system32\MSCTF.dll
0x00007ffd0ca70000 - 0x00007ffd0cceb000 	C:\Windows\WinSxS\amd64_microsoft.windows.common-controls_6595b64144ccf1df_6.0.9600.17415_none_6240486fecbd8abb\COMCTL32.dll
0x0000000075980000 - 0x0000000075a52000 	C:\Program Files\Java\jdk1.8.0_40\jre\bin\msvcr100.dll
0x00000000750f0000 - 0x0000000075973000 	C:\Program Files\Java\jdk1.8.0_40\jre\bin\server\jvm.dll
0x00007ffd02f00000 - 0x00007ffd02f09000 	C:\Windows\SYSTEM32\WSOCK32.dll
0x00007ffd09eb0000 - 0x00007ffd09ed2000 	C:\Windows\SYSTEM32\WINMM.dll
0x00007ffd0b740000 - 0x00007ffd0b74a000 	C:\Windows\SYSTEM32\VERSION.dll
0x00007ffd0f2e0000 - 0x00007ffd0f2e7000 	C:\Windows\system32\PSAPI.DLL
0x00007ffd0f280000 - 0x00007ffd0f2da000 	C:\Windows\system32\WS2_32.dll
0x00007ffd09e10000 - 0x00007ffd09e3a000 	C:\Windows\SYSTEM32\WINMMBASE.dll
0x00007ffd0efd0000 - 0x00007ffd0efd9000 	C:\Windows\system32\NSI.dll
0x00007ffd0d3e0000 - 0x00007ffd0d42f000 	C:\Windows\SYSTEM32\cfgmgr32.dll
0x00007ffd0b290000 - 0x00007ffd0b2b8000 	C:\Windows\SYSTEM32\DEVOBJ.dll
0x00000000750e0000 - 0x00000000750ef000 	C:\Program Files\Java\jdk1.8.0_40\jre\bin\verify.dll
0x00000000750b0000 - 0x00000000750d9000 	C:\Program Files\Java\jdk1.8.0_40\jre\bin\java.dll
0x0000000075090000 - 0x00000000750a6000 	C:\Program Files\Java\jdk1.8.0_40\jre\bin\zip.dll
0x00007ffcee520000 - 0x00007ffcee6aa000 	C:\Windows\SYSTEM32\dbghelp.dll

VM Arguments:
jvm_args: -Dfile.encoding=GBK -Xbootclasspath:E:\android\sdk\android-sdk-windows\platforms\android-14\android.jar 
java_command: android.wxapp.service.jerry.request.tet
java_class_path (initial): E:\研究生\lab\Schedule代码打包\nercms-wxapp-service\bin\classes;E:\研究生\lab\Schedule代码打包\nercms-wxapp-service\libs\volley.jar;E:\研究生\lab\Schedule代码打包\nercms-wxapp-service\libs\android-support-v4.jar;E:\研究生\lab\Schedule代码打包\nercms-wxapp-service\libs\universal-image-loader-1.9.2.jar;E:\研究生\lab\Schedule代码打包\nercms-wxapp-service\libs\mqtt-client-0.4.0.jar;E:\研究生\lab\Schedule代码打包\nercms-wxapp-service\libs\httpmime-4.1.1.jar;E:\研究生\lab\Schedule代码打包\nercms-wxapp-service\libs\gson-1.6.jar;E:\研究生\lab\Schedule代码打包\nercms-wxapp-service\libs\acra-4.5.0.jar;E:\android\sdk\android-sdk-windows\tools\support\annotations.jar
Launcher Type: SUN_STANDARD

Environment Variables:
JAVA_HOME=C:\Program Files\Java\jdk1.8.0_40
CLASSPATH=.;C:\Program Files\Java\jdk1.8.0_40\lib\dt.jar;C:\Program Files\Java\jdk1.8.0_40\lib\tools.jar;
PATH=C:/Program Files/Java/jre1.8.0_45/bin/server;C:/Program Files/Java/jre1.8.0_45/bin;C:/Program Files/Java/jre1.8.0_45/lib/amd64;C:\ProgramData\Oracle\Java\javapath;C:\Program Files (x86)\Intel\iCLS Client\;C:\Program Files\Intel\iCLS Client\;C:\Windows\system32;C:\Windows;C:\Windows\System32\Wbem;C:\Windows\System32\WindowsPowerShell\v1.0\;C:\Program Files\Intel\WiFi\bin\;C:\Program Files\Common Files\Intel\WirelessCommon\;C:\Program Files\Intel\Intel(R) Management Engine Components\DAL;C:\Program Files (x86)\Intel\Intel(R) Management Engine Components\DAL;C:\Program Files\Intel\Intel(R) Management Engine Components\IPT;C:\Program Files (x86)\Intel\Intel(R) Management Engine Components\IPT;E:\Matlab\runtime\win64;E:\Matlab\bin;C:\Program Files\Intel\WiFi\bin\;C:\Program Files\Common Files\Intel\WirelessCommon\;C:\Program Files\Java\jdk1.8.0_40\bin;C:\Program Files\Java\jdk1.8.0_40\jre\bin;E:\android\sdk\android-sdk-windows/platform-tools;E:\android\gradle-2.3\bin;E:\android\sdk\android-sdk-windows\tools;E:\Git\bin;;C:\Software\eclipse;
USERNAME=JerryLiu
OS=Windows_NT
PROCESSOR_IDENTIFIER=Intel64 Family 6 Model 60 Stepping 3, GenuineIntel



---------------  S Y S T E M  ---------------

OS: Windows 8.1 , 64 bit Build 9600 (6.3.9600.17415)

CPU:total 4 (2 cores per cpu, 2 threads per core) family 6 model 60 stepping 3, cmov, cx8, fxsr, mmx, sse, sse2, sse3, ssse3, sse4.1, sse4.2, popcnt, avx, avx2, aes, clmul, erms, lzcnt, ht, tsc, tscinvbit, bmi1, bmi2

Memory: 4k page, physical 4099400k(1217948k free), swap 9896392k(6023296k free)

vm_info: Java HotSpot(TM) 64-Bit Server VM (25.40-b25) for windows-amd64 JRE (1.8.0_40-b25), built on Feb 10 2015 21:53:57 by "java_re" with MS VC++ 10.0 (VS2010)

time: Mon May 11 11:11:02 2015
elapsed time: 0 seconds (0d 0h 0m 0s)

